Tue, 10 Apr 2012 02:52:36 GMT GET / text/html,application/xhtml+xml,application/xml;q=0.9,*/*;q=0.8 - -
Tue, 10 Apr 2012 02:52:36 GMT GET /extjs4/resources/css/ext-all.css text/css,*/*;q=0.1 - -
Tue, 10 Apr 2012 02:52:36 GMT GET /extjs4/resources/css/Feed-Viewer.css text/css,*/*;q=0.1 - -
Tue, 10 Apr 2012 02:52:36 GMT GET /extjs4/ext-all-debug.js */* - -
Tue, 10 Apr 2012 02:52:36 GMT GET /extjs4/ext-all.js */* - -
Tue, 10 Apr 2012 02:52:36 GMT GET /gui/index/app.js */* - -
Tue, 10 Apr 2012 02:52:37 GMT GET /gui/index/controller/homepage.js?_dc=1334026357067 */* - -
Tue, 10 Apr 2012 02:52:37 GMT GET /gui/index/controller/Login.js?_dc=1334026357067 */* - -
Tue, 10 Apr 2012 02:52:37 GMT GET /gui/index/view/homepage/homepage.js?_dc=1334026357071 */* - -
Tue, 10 Apr 2012 02:52:37 GMT GET /gui/index/view/login/Form.js?_dc=1334026357072 */* - -
Tue, 10 Apr 2012 02:52:37 GMT GET /images/cemlogo.jpg */* - -
Tue, 10 Apr 2012 02:52:37 GMT GET /extjs4/resources/themes/images/default/tab-bar/scroll-left.gif */* - -
Tue, 10 Apr 2012 02:52:37 GMT GET /extjs4/resources/themes/images/default/tab-bar/scroll-right.gif */* - -
Tue, 10 Apr 2012 02:52:37 GMT GET /extjs4/resources/themes/images/default/form/text-bg.gif */* - -
Tue, 10 Apr 2012 02:52:37 GMT GET /extjs4/resources/themes/images/default/form/exclamation.gif */* - -
Tue, 10 Apr 2012 02:52:37 GMT GET / text/html,application/xhtml+xml,application/xml;q=0.9,*/*;q=0.8 - -
Tue, 10 Apr 2012 02:52:40 GMT GET /extjs4/resources/themes/images/default/tools/tool-sprites.gif */* - -
Tue, 10 Apr 2012 02:52:40 GMT GET /extjs4/resources/themes/images/default/form/text-bg.gif */* - -
Tue, 10 Apr 2012 02:52:40 GMT POST /login */* application/x-www-form-urlencoded; charset=UTF-8 25
Tue, 10 Apr 2012 02:52:40 GMT GET /main text/html,application/xhtml+xml,application/xml;q=0.9,*/*;q=0.8 - -
Tue, 10 Apr 2012 02:52:40 GMT GET /extjs4/resources/css/ext-all.css text/css,*/*;q=0.1 - -
Tue, 10 Apr 2012 02:52:40 GMT GET /extjs4/resources/css/Feed-Viewer.css text/css,*/*;q=0.1 - -
Tue, 10 Apr 2012 02:52:40 GMT GET /extjs4/ext-all-debug.js */* - -
Tue, 10 Apr 2012 02:52:40 GMT GET /extjs4/ext-all.js */* - -
Tue, 10 Apr 2012 02:52:40 GMT GET /gui/mainWindow/app.js */* - -
Tue, 10 Apr 2012 02:52:40 GMT GET /session?_dc=1334026360896&page=1&start=0&limit=25 */* - -
Tue, 10 Apr 2012 02:52:40 GMT GET /gui/mainWindow/controller/Discussions.js?_dc=1334026360913 */* - -
Tue, 10 Apr 2012 02:52:40 GMT GET /gui/mainWindow/controller/DiscussionsManager.js?_dc=1334026360914 */* - -
Tue, 10 Apr 2012 02:52:40 GMT GET /gui/mainWindow/controller/IM.js?_dc=1334026360914 */* - -
Tue, 10 Apr 2012 02:52:40 GMT GET /gui/mainWindow/controller/Main.js?_dc=1334026360914 */* - -
Tue, 10 Apr 2012 02:52:40 GMT GET /gui/mainWindow/controller/Users.js?_dc=1334026360914 */* - -
Tue, 10 Apr 2012 02:52:40 GMT GET /gui/mainWindow/controller/Memos.js?_dc=1334026360914 */* - -
Tue, 10 Apr 2012 02:52:40 GMT GET /gui/mainWindow/controller/Memoviews.js?_dc=1334026360914 */* - -
Tue, 10 Apr 2012 02:52:40 GMT GET /gui/mainWindow/model/Discussion.js?_dc=1334026360926 */* - -
Tue, 10 Apr 2012 02:52:40 GMT GET /gui/mainWindow/view/discussions/CommentForm.js?_dc=1334026360926 */* - -
Tue, 10 Apr 2012 02:52:40 GMT GET /gui/mainWindow/view/discussions/DiscussionsGridPanel.js?_dc=1334026360926 */* - -
Tue, 10 Apr 2012 02:52:40 GMT GET /gui/mainWindow/view/discussions/DiscussionsViewPanel.js?_dc=1334026360926 */* - -
Tue, 10 Apr 2012 02:52:40 GMT GET /gui/mainWindow/view/discussions/PostThreadWindow.js?_dc=1334026360926 */* - -
Tue, 10 Apr 2012 02:52:40 GMT GET /gui/mainWindow/store/Discussions.js?_dc=1334026360927 */* - -
Tue, 10 Apr 2012 02:52:40 GMT GET /gui/mainWindow/view/admin/discussionsmanagement/DiscussionsManagement.js?_dc=1334026360928 */* - -
Tue, 10 Apr 2012 02:52:40 GMT GET /gui/mainWindow/store/DiscussionsManager.js?_dc=1334026360928 */* - -
Tue, 10 Apr 2012 02:52:40 GMT GET /gui/mainWindow/model/IM.js?_dc=1334026360929 */* - -
Tue, 10 Apr 2012 02:52:40 GMT GET /gui/mainWindow/view/im/IM_Tab_Panel.js?_dc=1334026360929 */* - -
Tue, 10 Apr 2012 02:52:40 GMT GET /gui/mainWindow/store/IM.js?_dc=1334026360929 */* - -
Tue, 10 Apr 2012 02:52:40 GMT GET /gui/mainWindow/view/mainpanel/MainPanel.js?_dc=1334026360930 */* - -
Tue, 10 Apr 2012 02:52:40 GMT GET /gui/mainWindow/model/User.js?_dc=1334026360930 */* - -
Tue, 10 Apr 2012 02:52:40 GMT GET /gui/mainWindow/view/admin/usermanagement/user/List.js?_dc=1334026360930 */* - -
Tue, 10 Apr 2012 02:52:40 GMT GET /gui/mainWindow/view/admin/usermanagement/user/Edit.js?_dc=1334026360931 */* - -
Tue, 10 Apr 2012 02:52:40 GMT GET /gui/mainWindow/store/Users.js?_dc=1334026360931 */* - -
Tue, 10 Apr 2012 02:52:40 GMT GET /gui/mainWindow/model/Memo.js?_dc=1334026360934 */* - -
Tue, 10 Apr 2012 02:52:40 GMT GET /gui/mainWindow/view/admin/memomanagement/Memoeditor.js?_dc=1334026360934 */* - -
Tue, 10 Apr 2012 02:52:40 GMT GET /gui/mainWindow/store/Memos.js?_dc=1334026360935 */* - -
Tue, 10 Apr 2012 02:52:40 GMT GET /gui/mainWindow/view/memoview/MemoviewPanel.js?_dc=1334026360936 */* - -
Tue, 10 Apr 2012 02:52:40 GMT GET /gui/mainWindow/view/memoview/MemoviewList.js?_dc=1334026360937 */* - -
Tue, 10 Apr 2012 02:52:40 GMT GET /gui/mainWindow/store/Memoview.js?_dc=1334026360937 */* - -
Tue, 10 Apr 2012 02:52:41 GMT GET /images/cemlogo.jpg */* - -
Tue, 10 Apr 2012 02:52:41 GMT GET /mes?timeSlot=recent&_dc=1334026361049&page=1&start=0&limit=25 */* - -
Tue, 10 Apr 2012 02:52:41 GMT GET /extjs4/resources/themes/images/default/util/splitter/mini-right.gif */* - -
Tue, 10 Apr 2012 02:52:41 GMT GET /extjs4/resources/themes/images/default/tools/tool-sprites.gif */* - -
Tue, 10 Apr 2012 02:52:41 GMT GET /extjs4/resources/themes/images/default/form/exclamation.gif */* - -
Tue, 10 Apr 2012 02:52:41 GMT GET /images/hospital.jpg */* - -
Tue, 10 Apr 2012 02:52:41 GMT GET /extjs4/resources/themes/images/default/form/text-bg.gif */* - -
Tue, 10 Apr 2012 02:52:41 GMT GET /users?_dc=1334026361132&page=1&start=0&limit=25 */* - -
Tue, 10 Apr 2012 02:52:41 GMT GET /discussion?_dc=1334026361129&page=1&start=0&limit=25&group=%5B%7B%22property%22%3A%22topic%22%2C%22direction%22%3A%22ASC%22%7D%5D&sort=topic&dir=ASC */* - -
Tue, 10 Apr 2012 02:52:41 GMT GET /discussion?_dc=1334026361130&page=1&start=0&limit=25&group=%5B%7B%22property%22%3A%22topic%22%2C%22direction%22%3A%22ASC%22%7D%5D&sort=topic&dir=ASC */* - -
Tue, 10 Apr 2012 02:52:41 GMT GET /discussion?_dc=1334026361131&page=1&start=0&limit=25 */* - -
Tue, 10 Apr 2012 02:52:41 GMT GET /memos?_dc=1334026361133&page=1&start=0&limit=25 */* - -
Tue, 10 Apr 2012 02:52:41 GMT GET /memos?_dc=1334026361133&page=1&start=0&limit=25&sort=date_modified&dir=DESC */* - -
Tue, 10 Apr 2012 02:52:41 GMT GET /memos?_dc=1334026361133&page=1&start=0&limit=25&sort=date_modified&dir=DESC */* - -
Tue, 10 Apr 2012 02:52:42 GMT GET /extjs4/resources/themes/images/default/util/splitter/mini-left.gif */* - -
Tue, 10 Apr 2012 02:52:42 GMT GET /memos?_dc=1334026362439&page=1&start=0&limit=25&sort=date_modified&dir=DESC */* - -
Tue, 10 Apr 2012 02:52:42 GMT GET /extjs4/resources/themes/images/default/dd/drop-no.gif */* - -
Tue, 10 Apr 2012 02:52:42 GMT GET /extjs4/resources/themes/images/default/grid/grid3-hd-btn.gif */* - -
Tue, 10 Apr 2012 02:52:42 GMT GET /extjs4/resources/themes/images/default/grid/loading.gif */* - -
Tue, 10 Apr 2012 02:52:42 GMT GET /extjs4/resources/css/images/rss.gif */* - -
Tue, 10 Apr 2012 02:52:42 GMT GET /extjs4/resources/themes/images/default/grid/sort_desc.gif */* - -
Tue, 10 Apr 2012 02:52:42 GMT GET /extjs4/resources/css/images/post.gif */* - -
Tue, 10 Apr 2012 02:52:45 GMT GET /mes?timeSlot=recent&_dc=1334026365956&page=1&start=0&limit=25 */* - -
Tue, 10 Apr 2012 02:52:50 GMT GET /mes?timeSlot=recent&_dc=1334026370956&page=1&start=0&limit=25 */* - -
Tue, 10 Apr 2012 02:52:55 GMT GET /mes?timeSlot=recent&_dc=1334026375956&page=1&start=0&limit=25 */* - -
Tue, 10 Apr 2012 02:53:00 GMT GET /mes?timeSlot=recent&_dc=1334026380957&page=1&start=0&limit=25 */* - -
Tue, 10 Apr 2012 02:53:05 GMT GET /mes?timeSlot=recent&_dc=1334026385957&page=1&start=0&limit=25 */* - -
Tue, 10 Apr 2012 02:53:10 GMT GET /mes?timeSlot=recent&_dc=1334026390958&page=1&start=0&limit=25 */* - -
Tue, 10 Apr 2012 02:53:11 GMT GET /discussion?_dc=1334026391135&page=1&start=0&limit=25&group=%5B%7B%22property%22%3A%22topic%22%2C%22direction%22%3A%22ASC%22%7D%5D&sort=topic&dir=ASC */* - -
Tue, 10 Apr 2012 02:53:15 GMT GET /mes?timeSlot=recent&_dc=1334026395959&page=1&start=0&limit=25 */* - -
Tue, 10 Apr 2012 02:53:20 GMT GET /mes?timeSlot=recent&_dc=1334026400960&page=1&start=0&limit=25 */* - -
Tue, 10 Apr 2012 02:53:25 GMT GET /mes?timeSlot=recent&_dc=1334026405960&page=1&start=0&limit=25 */* - -
Tue, 10 Apr 2012 02:53:30 GMT GET /mes?timeSlot=recent&_dc=1334026410960&page=1&start=0&limit=25 */* - -
Tue, 10 Apr 2012 02:53:35 GMT GET /mes?timeSlot=recent&_dc=1334026415960&page=1&start=0&limit=25 */* - -
Tue, 10 Apr 2012 02:53:40 GMT GET /mes?timeSlot=recent&_dc=1334026420961&page=1&start=0&limit=25 */* - -
Tue, 10 Apr 2012 02:53:41 GMT GET /discussion?_dc=1334026421137&page=1&start=0&limit=25&group=%5B%7B%22property%22%3A%22topic%22%2C%22direction%22%3A%22ASC%22%7D%5D&sort=topic&dir=ASC */* - -
Tue, 10 Apr 2012 02:53:41 GMT GET /memos?_dc=1334026421145&page=1&start=0&limit=25&sort=date_modified&dir=DESC */* - -
Tue, 10 Apr 2012 02:53:45 GMT GET /mes?timeSlot=recent&_dc=1334026425961&page=1&start=0&limit=25 */* - -
Tue, 10 Apr 2012 02:53:50 GMT GET /mes?timeSlot=recent&_dc=1334026430962&page=1&start=0&limit=25 */* - -
Tue, 10 Apr 2012 02:53:55 GMT GET /mes?timeSlot=recent&_dc=1334026435962&page=1&start=0&limit=25 */* - -
Tue, 10 Apr 2012 02:54:00 GMT GET /mes?timeSlot=recent&_dc=1334026440964&page=1&start=0&limit=25 */* - -
Tue, 10 Apr 2012 02:54:05 GMT GET /mes?timeSlot=recent&_dc=1334026445965&page=1&start=0&limit=25 */* - -
Tue, 10 Apr 2012 02:54:10 GMT GET /mes?timeSlot=recent&_dc=1334026450966&page=1&start=0&limit=25 */* - -
Tue, 10 Apr 2012 02:54:11 GMT GET /discussion?_dc=1334026451142&page=1&start=0&limit=25&group=%5B%7B%22property%22%3A%22topic%22%2C%22direction%22%3A%22ASC%22%7D%5D&sort=topic&dir=ASC */* - -
Tue, 10 Apr 2012 02:54:15 GMT GET /mes?timeSlot=recent&_dc=1334026455967&page=1&start=0&limit=25 */* - -
Tue, 10 Apr 2012 02:54:20 GMT GET /mes?timeSlot=recent&_dc=1334026460968&page=1&start=0&limit=25 */* - -
Tue, 10 Apr 2012 02:54:25 GMT GET /mes?timeSlot=recent&_dc=1334026465968&page=1&start=0&limit=25 */* - -
Tue, 10 Apr 2012 02:54:30 GMT GET /mes?timeSlot=recent&_dc=1334026470968&page=1&start=0&limit=25 */* - -
Tue, 10 Apr 2012 02:54:35 GMT GET /mes?timeSlot=recent&_dc=1334026475968&page=1&start=0&limit=25 */* - -
Tue, 10 Apr 2012 02:54:40 GMT GET /mes?timeSlot=recent&_dc=1334026480969&page=1&start=0&limit=25 */* - -
Tue, 10 Apr 2012 02:54:41 GMT GET /memos?_dc=1334026481146&page=1&start=0&limit=25&sort=date_modified&dir=DESC */* - -
Tue, 10 Apr 2012 02:54:41 GMT GET /discussion?_dc=1334026481152&page=1&start=0&limit=25&group=%5B%7B%22property%22%3A%22topic%22%2C%22direction%22%3A%22ASC%22%7D%5D&sort=topic&dir=ASC */* - -
Tue, 10 Apr 2012 02:54:45 GMT GET /mes?timeSlot=recent&_dc=1334026485970&page=1&start=0&limit=25 */* - -
Tue, 10 Apr 2012 02:54:50 GMT GET /mes?timeSlot=recent&_dc=1334026490971&page=1&start=0&limit=25 */* - -
Tue, 10 Apr 2012 02:54:55 GMT GET /mes?timeSlot=recent&_dc=1334026495971&page=1&start=0&limit=25 */* - -
Tue, 10 Apr 2012 02:55:00 GMT GET /mes?timeSlot=recent&_dc=1334026500972&page=1&start=0&limit=25 */* - -
Tue, 10 Apr 2012 02:55:05 GMT GET /mes?timeSlot=recent&_dc=1334026505973&page=1&start=0&limit=25 */* - -
Tue, 10 Apr 2012 02:55:10 GMT GET /mes?timeSlot=recent&_dc=1334026510973&page=1&start=0&limit=25 */* - -
Tue, 10 Apr 2012 02:55:11 GMT GET /discussion?_dc=1334026511157&page=1&start=0&limit=25&group=%5B%7B%22property%22%3A%22topic%22%2C%22direction%22%3A%22ASC%22%7D%5D&sort=topic&dir=ASC */* - -
Tue, 10 Apr 2012 02:55:15 GMT GET /mes?timeSlot=recent&_dc=1334026515973&page=1&start=0&limit=25 */* - -
Tue, 10 Apr 2012 02:55:20 GMT GET /mes?timeSlot=recent&_dc=1334026520974&page=1&start=0&limit=25 */* - -
Tue, 10 Apr 2012 02:55:25 GMT GET /mes?timeSlot=recent&_dc=1334026525975&page=1&start=0&limit=25 */* - -
Tue, 10 Apr 2012 02:55:30 GMT GET /mes?timeSlot=recent&_dc=1334026530976&page=1&start=0&limit=25 */* - -
Tue, 10 Apr 2012 02:55:35 GMT GET /mes?timeSlot=recent&_dc=1334026535976&page=1&start=0&limit=25 */* - -
Tue, 10 Apr 2012 02:55:40 GMT GET /mes?timeSlot=recent&_dc=1334026540975&page=1&start=0&limit=25 */* - -
Tue, 10 Apr 2012 02:55:41 GMT GET /memos?_dc=1334026541147&page=1&start=0&limit=25&sort=date_modified&dir=DESC */* - -
Tue, 10 Apr 2012 02:55:41 GMT GET /discussion?_dc=1334026541173&page=1&start=0&limit=25&group=%5B%7B%22property%22%3A%22topic%22%2C%22direction%22%3A%22ASC%22%7D%5D&sort=topic&dir=ASC */* - -
Tue, 10 Apr 2012 02:55:45 GMT GET /mes?timeSlot=recent&_dc=1334026545975&page=1&start=0&limit=25 */* - -
Tue, 10 Apr 2012 02:55:50 GMT GET /mes?timeSlot=recent&_dc=1334026550976&page=1&start=0&limit=25 */* - -
Tue, 10 Apr 2012 02:55:55 GMT GET /mes?timeSlot=recent&_dc=1334026555976&page=1&start=0&limit=25 */* - -
Tue, 10 Apr 2012 02:56:00 GMT GET /mes?timeSlot=recent&_dc=1334026560977&page=1&start=0&limit=25 */* - -
Tue, 10 Apr 2012 02:56:05 GMT GET /mes?timeSlot=recent&_dc=1334026565978&page=1&start=0&limit=25 */* - -
Tue, 10 Apr 2012 02:56:10 GMT GET /mes?timeSlot=recent&_dc=1334026570978&page=1&start=0&limit=25 */* - -
Tue, 10 Apr 2012 02:56:11 GMT GET /discussion?_dc=1334026571175&page=1&start=0&limit=25&group=%5B%7B%22property%22%3A%22topic%22%2C%22direction%22%3A%22ASC%22%7D%5D&sort=topic&dir=ASC */* - -
Tue, 10 Apr 2012 02:56:15 GMT GET /mes?timeSlot=recent&_dc=1334026575978&page=1&start=0&limit=25 */* - -
Tue, 10 Apr 2012 02:56:20 GMT GET /mes?timeSlot=recent&_dc=1334026580978&page=1&start=0&limit=25 */* - -
Tue, 10 Apr 2012 02:56:25 GMT GET /mes?timeSlot=recent&_dc=1334026585979&page=1&start=0&limit=25 */* - -
Tue, 10 Apr 2012 02:56:30 GMT GET /mes?timeSlot=recent&_dc=1334026590979&page=1&start=0&limit=25 */* - -
Tue, 10 Apr 2012 02:56:35 GMT GET /mes?timeSlot=recent&_dc=1334026595979&page=1&start=0&limit=25 */* - -
Tue, 10 Apr 2012 02:56:40 GMT GET /mes?timeSlot=recent&_dc=1334026600981&page=1&start=0&limit=25 */* - -
Tue, 10 Apr 2012 02:56:41 GMT GET /memos?_dc=1334026601151&page=1&start=0&limit=25&sort=date_modified&dir=DESC */* - -
Tue, 10 Apr 2012 02:56:41 GMT GET /discussion?_dc=1334026601177&page=1&start=0&limit=25&group=%5B%7B%22property%22%3A%22topic%22%2C%22direction%22%3A%22ASC%22%7D%5D&sort=topic&dir=ASC */* - -
Tue, 10 Apr 2012 02:56:45 GMT GET /mes?timeSlot=recent&_dc=1334026605981&page=1&start=0&limit=25 */* - -
Tue, 10 Apr 2012 02:56:50 GMT GET /mes?timeSlot=recent&_dc=1334026610982&page=1&start=0&limit=25 */* - -
Tue, 10 Apr 2012 02:56:55 GMT GET /mes?timeSlot=recent&_dc=1334026615983&page=1&start=0&limit=25 */* - -
Tue, 10 Apr 2012 02:57:00 GMT GET /mes?timeSlot=recent&_dc=1334026620983&page=1&start=0&limit=25 */* - -
Tue, 10 Apr 2012 02:57:05 GMT GET /mes?timeSlot=recent&_dc=1334026625983&page=1&start=0&limit=25 */* - -
Tue, 10 Apr 2012 02:57:10 GMT GET /mes?timeSlot=recent&_dc=1334026630983&page=1&start=0&limit=25 */* - -
Tue, 10 Apr 2012 02:57:11 GMT GET /discussion?_dc=1334026631184&page=1&start=0&limit=25&group=%5B%7B%22property%22%3A%22topic%22%2C%22direction%22%3A%22ASC%22%7D%5D&sort=topic&dir=ASC */* - -
Tue, 10 Apr 2012 02:57:15 GMT GET /mes?timeSlot=recent&_dc=1334026635983&page=1&start=0&limit=25 */* - -
Tue, 10 Apr 2012 02:57:20 GMT GET /mes?timeSlot=recent&_dc=1334026640983&page=1&start=0&limit=25 */* - -
Tue, 10 Apr 2012 02:57:25 GMT GET /mes?timeSlot=recent&_dc=1334026645983&page=1&start=0&limit=25 */* - -
Tue, 10 Apr 2012 02:57:30 GMT GET /mes?timeSlot=recent&_dc=1334026650983&page=1&start=0&limit=25 */* - -
Tue, 10 Apr 2012 02:57:35 GMT GET /mes?timeSlot=recent&_dc=1334026655983&page=1&start=0&limit=25 */* - -
Tue, 10 Apr 2012 02:57:40 GMT GET /mes?timeSlot=recent&_dc=1334026660982&page=1&start=0&limit=25 */* - -
Tue, 10 Apr 2012 02:57:41 GMT GET /memos?_dc=1334026661161&page=1&start=0&limit=25&sort=date_modified&dir=DESC */* - -
Tue, 10 Apr 2012 02:57:41 GMT GET /discussion?_dc=1334026661187&page=1&start=0&limit=25&group=%5B%7B%22property%22%3A%22topic%22%2C%22direction%22%3A%22ASC%22%7D%5D&sort=topic&dir=ASC */* - -
Tue, 10 Apr 2012 02:57:45 GMT GET /mes?timeSlot=recent&_dc=1334026665982&page=1&start=0&limit=25 */* - -
Tue, 10 Apr 2012 02:57:50 GMT GET /mes?timeSlot=recent&_dc=1334026670982&page=1&start=0&limit=25 */* - -
Tue, 10 Apr 2012 02:57:55 GMT GET /mes?timeSlot=recent&_dc=1334026675982&page=1&start=0&limit=25 */* - -
Tue, 10 Apr 2012 02:58:00 GMT GET /mes?timeSlot=recent&_dc=1334026680982&page=1&start=0&limit=25 */* - -
Tue, 10 Apr 2012 02:58:01 GMT GET /main text/html,application/xhtml+xml,application/xml;q=0.9,*/*;q=0.8 - -
Tue, 10 Apr 2012 02:58:01 GMT GET /extjs4/resources/css/ext-all.css text/css,*/*;q=0.1 - -
Tue, 10 Apr 2012 02:58:02 GMT GET /extjs4/resources/css/Feed-Viewer.css text/css,*/*;q=0.1 - -
Tue, 10 Apr 2012 02:58:02 GMT GET /extjs4/ext-all-debug.js */* - -
Tue, 10 Apr 2012 02:58:02 GMT GET /extjs4/ext-all.js */* - -
Tue, 10 Apr 2012 02:58:02 GMT GET /gui/mainWindow/app.js */* - -
Tue, 10 Apr 2012 02:58:02 GMT GET /session?_dc=1334026682247&page=1&start=0&limit=25 */* - -
Tue, 10 Apr 2012 02:58:02 GMT GET /gui/mainWindow/controller/Discussions.js?_dc=1334026682264 */* - -
Tue, 10 Apr 2012 02:58:02 GMT GET /gui/mainWindow/controller/DiscussionsManager.js?_dc=1334026682264 */* - -
Tue, 10 Apr 2012 02:58:02 GMT GET /gui/mainWindow/controller/IM.js?_dc=1334026682264 */* - -
Tue, 10 Apr 2012 02:58:02 GMT GET /gui/mainWindow/controller/Main.js?_dc=1334026682264 */* - -
Tue, 10 Apr 2012 02:58:02 GMT GET /gui/mainWindow/controller/Users.js?_dc=1334026682264 */* - -
Tue, 10 Apr 2012 02:58:02 GMT GET /gui/mainWindow/controller/Memos.js?_dc=1334026682264 */* - -
Tue, 10 Apr 2012 02:58:02 GMT GET /gui/mainWindow/controller/Memoviews.js?_dc=1334026682265 */* - -
Tue, 10 Apr 2012 02:58:02 GMT GET /gui/mainWindow/model/Discussion.js?_dc=1334026682272 */* - -
Tue, 10 Apr 2012 02:58:02 GMT GET /gui/mainWindow/view/discussions/CommentForm.js?_dc=1334026682272 */* - -
Tue, 10 Apr 2012 02:58:02 GMT GET /gui/mainWindow/view/discussions/DiscussionsGridPanel.js?_dc=1334026682273 */* - -
Tue, 10 Apr 2012 02:58:02 GMT GET /gui/mainWindow/view/discussions/DiscussionsViewPanel.js?_dc=1334026682273 */* - -
Tue, 10 Apr 2012 02:58:02 GMT GET /gui/mainWindow/view/discussions/PostThreadWindow.js?_dc=1334026682273 */* - -
Tue, 10 Apr 2012 02:58:02 GMT GET /gui/mainWindow/store/Discussions.js?_dc=1334026682273 */* - -
Tue, 10 Apr 2012 02:58:02 GMT GET /gui/mainWindow/view/admin/discussionsmanagement/DiscussionsManagement.js?_dc=1334026682273 */* - -
Tue, 10 Apr 2012 02:58:02 GMT GET /gui/mainWindow/store/DiscussionsManager.js?_dc=1334026682273 */* - -
Tue, 10 Apr 2012 02:58:02 GMT GET /gui/mainWindow/model/IM.js?_dc=1334026682275 */* - -
Tue, 10 Apr 2012 02:58:02 GMT GET /gui/mainWindow/view/im/IM_Tab_Panel.js?_dc=1334026682275 */* - -
Tue, 10 Apr 2012 02:58:02 GMT GET /gui/mainWindow/store/IM.js?_dc=1334026682276 */* - -
Tue, 10 Apr 2012 02:58:02 GMT GET /gui/mainWindow/view/mainpanel/MainPanel.js?_dc=1334026682278 */* - -
Tue, 10 Apr 2012 02:58:02 GMT GET /gui/mainWindow/model/User.js?_dc=1334026682280 */* - -
Tue, 10 Apr 2012 02:58:02 GMT GET /gui/mainWindow/view/admin/usermanagement/user/List.js?_dc=1334026682281 */* - -
Tue, 10 Apr 2012 02:58:02 GMT GET /gui/mainWindow/view/admin/usermanagement/user/Edit.js?_dc=1334026682281 */* - -
Tue, 10 Apr 2012 02:58:02 GMT GET /gui/mainWindow/store/Users.js?_dc=1334026682281 */* - -
Tue, 10 Apr 2012 02:58:02 GMT GET /gui/mainWindow/model/Memo.js?_dc=1334026682282 */* - -
Tue, 10 Apr 2012 02:58:02 GMT GET /gui/mainWindow/view/admin/memomanagement/Memoeditor.js?_dc=1334026682282 */* - -
Tue, 10 Apr 2012 02:58:02 GMT GET /gui/mainWindow/store/Memos.js?_dc=1334026682282 */* - -
Tue, 10 Apr 2012 02:58:02 GMT GET /gui/mainWindow/view/memoview/MemoviewPanel.js?_dc=1334026682284 */* - -
Tue, 10 Apr 2012 02:58:02 GMT GET /gui/mainWindow/view/memoview/MemoviewList.js?_dc=1334026682284 */* - -
Tue, 10 Apr 2012 02:58:02 GMT GET /favicon.ico */* - -
Tue, 10 Apr 2012 02:58:02 GMT GET /gui/mainWindow/store/Memoview.js?_dc=1334026682284 */* - -
Tue, 10 Apr 2012 02:58:02 GMT GET /images/cemlogo.jpg */* - -
Tue, 10 Apr 2012 02:58:02 GMT GET /mes?timeSlot=recent&_dc=1334026682402&page=1&start=0&limit=25 */* - -
Tue, 10 Apr 2012 02:58:02 GMT GET /extjs4/resources/themes/images/default/util/splitter/mini-right.gif */* - -
Tue, 10 Apr 2012 02:58:02 GMT GET /extjs4/resources/themes/images/default/tools/tool-sprites.gif */* - -
Tue, 10 Apr 2012 02:58:02 GMT GET /extjs4/resources/themes/images/default/form/text-bg.gif */* - -
Tue, 10 Apr 2012 02:58:02 GMT GET /extjs4/resources/themes/images/default/form/exclamation.gif */* - -
Tue, 10 Apr 2012 02:58:02 GMT GET /images/hospital.jpg */* - -
Tue, 10 Apr 2012 02:58:02 GMT GET /discussion?_dc=1334026682472&page=1&start=0&limit=25&group=%5B%7B%22property%22%3A%22topic%22%2C%22direction%22%3A%22ASC%22%7D%5D&sort=topic&dir=ASC */* - -
Tue, 10 Apr 2012 02:58:02 GMT GET /users?_dc=1334026682474&page=1&start=0&limit=25 */* - -
Tue, 10 Apr 2012 02:58:02 GMT GET /discussion?_dc=1334026682473&page=1&start=0&limit=25&group=%5B%7B%22property%22%3A%22topic%22%2C%22direction%22%3A%22ASC%22%7D%5D&sort=topic&dir=ASC */* - -
Tue, 10 Apr 2012 02:58:02 GMT GET /discussion?_dc=1334026682474&page=1&start=0&limit=25 */* - -
Tue, 10 Apr 2012 02:58:02 GMT GET /memos?_dc=1334026682474&page=1&start=0&limit=25 */* - -
Tue, 10 Apr 2012 02:58:02 GMT GET /memos?_dc=1334026682474&page=1&start=0&limit=25&sort=date_modified&dir=DESC */* - -
Tue, 10 Apr 2012 02:58:02 GMT GET /memos?_dc=1334026682475&page=1&start=0&limit=25&sort=date_modified&dir=DESC */* - -
Tue, 10 Apr 2012 02:58:07 GMT GET /mes?timeSlot=recent&_dc=1334026687324&page=1&start=0&limit=25 */* - -
Tue, 10 Apr 2012 02:58:07 GMT GET /extjs4/resources/themes/images/default/util/splitter/mini-left.gif */* - -
Tue, 10 Apr 2012 02:58:07 GMT GET /memos?_dc=1334026687761&page=1&start=0&limit=25&sort=date_modified&dir=DESC */* - -
Tue, 10 Apr 2012 02:58:07 GMT GET /extjs4/resources/themes/images/default/dd/drop-no.gif */* - -
Tue, 10 Apr 2012 02:58:07 GMT GET /extjs4/resources/themes/images/default/grid/sort_desc.gif */* - -
Tue, 10 Apr 2012 02:58:07 GMT GET /extjs4/resources/themes/images/default/grid/grid3-hd-btn.gif */* - -
Tue, 10 Apr 2012 02:58:07 GMT GET /extjs4/resources/themes/images/default/grid/loading.gif */* - -
Tue, 10 Apr 2012 02:58:07 GMT GET /extjs4/resources/css/images/rss.gif */* - -
Tue, 10 Apr 2012 02:58:07 GMT GET /extjs4/resources/css/images/post.gif */* - -
Tue, 10 Apr 2012 02:58:07 GMT GET /extjs4/resources/themes/images/default/tab/tab-default-close.gif */* - -
Tue, 10 Apr 2012 02:58:12 GMT GET /mes?timeSlot=recent&_dc=1334026692324&page=1&start=0&limit=25 */* - -
Tue, 10 Apr 2012 02:58:17 GMT GET /mes?timeSlot=recent&_dc=1334026697324&page=1&start=0&limit=25 */* - -
Tue, 10 Apr 2012 02:58:22 GMT GET /mes?timeSlot=recent&_dc=1334026702324&page=1&start=0&limit=25 */* - -
Tue, 10 Apr 2012 02:58:27 GMT GET /mes?timeSlot=recent&_dc=1334026707324&page=1&start=0&limit=25 */* - -
Tue, 10 Apr 2012 02:58:32 GMT GET /mes?timeSlot=recent&_dc=1334026712324&page=1&start=0&limit=25 */* - -
Tue, 10 Apr 2012 02:58:32 GMT GET /discussion?_dc=1334026712481&page=1&start=0&limit=25&group=%5B%7B%22property%22%3A%22topic%22%2C%22direction%22%3A%22ASC%22%7D%5D&sort=topic&dir=ASC */* - -
Tue, 10 Apr 2012 02:58:37 GMT GET /mes?timeSlot=recent&_dc=1334026717325&page=1&start=0&limit=25 */* - -
Tue, 10 Apr 2012 02:58:42 GMT GET /mes?timeSlot=recent&_dc=1334026722325&page=1&start=0&limit=25 */* - -
Tue, 10 Apr 2012 02:58:47 GMT GET /mes?timeSlot=recent&_dc=1334026727325&page=1&start=0&limit=25 */* - -
Tue, 10 Apr 2012 02:58:52 GMT GET /mes?timeSlot=recent&_dc=1334026732325&page=1&start=0&limit=25 */* - -
Tue, 10 Apr 2012 02:58:57 GMT GET /mes?timeSlot=recent&_dc=1334026737325&page=1&start=0&limit=25 */* - -
Tue, 10 Apr 2012 02:59:02 GMT GET /mes?timeSlot=recent&_dc=1334026742325&page=1&start=0&limit=25 */* - -
Tue, 10 Apr 2012 02:59:02 GMT GET /discussion?_dc=1334026742483&page=1&start=0&limit=25&group=%5B%7B%22property%22%3A%22topic%22%2C%22direction%22%3A%22ASC%22%7D%5D&sort=topic&dir=ASC */* - -
Tue, 10 Apr 2012 02:59:02 GMT GET /memos?_dc=1334026742486&page=1&start=0&limit=25&sort=date_modified&dir=DESC */* - -
Tue, 10 Apr 2012 02:59:07 GMT GET /mes?timeSlot=recent&_dc=1334026747325&page=1&start=0&limit=25 */* - -
Tue, 10 Apr 2012 02:59:12 GMT GET /mes?timeSlot=recent&_dc=1334026752325&page=1&start=0&limit=25 */* - -
Tue, 10 Apr 2012 02:59:17 GMT GET /mes?timeSlot=recent&_dc=1334026757325&page=1&start=0&limit=25 */* - -
Tue, 10 Apr 2012 02:59:22 GMT GET /mes?timeSlot=recent&_dc=1334026762325&page=1&start=0&limit=25 */* - -
Tue, 10 Apr 2012 02:59:27 GMT GET /mes?timeSlot=recent&_dc=1334026767325&page=1&start=0&limit=25 */* - -
Tue, 10 Apr 2012 02:59:32 GMT GET /mes?timeSlot=recent&_dc=1334026772325&page=1&start=0&limit=25 */* - -
Tue, 10 Apr 2012 02:59:32 GMT GET /discussion?_dc=1334026772486&page=1&start=0&limit=25&group=%5B%7B%22property%22%3A%22topic%22%2C%22direction%22%3A%22ASC%22%7D%5D&sort=topic&dir=ASC */* - -
Tue, 10 Apr 2012 02:59:37 GMT GET /mes?timeSlot=recent&_dc=1334026777324&page=1&start=0&limit=25 */* - -
Tue, 10 Apr 2012 02:59:42 GMT GET /mes?timeSlot=recent&_dc=1334026782324&page=1&start=0&limit=25 */* - -
Tue, 10 Apr 2012 02:59:47 GMT GET /mes?timeSlot=recent&_dc=1334026787324&page=1&start=0&limit=25 */* - -
Tue, 10 Apr 2012 02:59:52 GMT GET /mes?timeSlot=recent&_dc=1334026792324&page=1&start=0&limit=25 */* - -
Tue, 10 Apr 2012 02:59:57 GMT GET /mes?timeSlot=recent&_dc=1334026797324&page=1&start=0&limit=25 */* - -
Tue, 10 Apr 2012 03:00:02 GMT GET /mes?timeSlot=recent&_dc=1334026802324&page=1&start=0&limit=25 */* - -
Tue, 10 Apr 2012 03:00:02 GMT GET /memos?_dc=1334026802492&page=1&start=0&limit=25&sort=date_modified&dir=DESC */* - -
Tue, 10 Apr 2012 03:00:02 GMT GET /discussion?_dc=1334026802496&page=1&start=0&limit=25&group=%5B%7B%22property%22%3A%22topic%22%2C%22direction%22%3A%22ASC%22%7D%5D&sort=topic&dir=ASC */* - -
Tue, 10 Apr 2012 03:00:07 GMT GET /mes?timeSlot=recent&_dc=1334026807324&page=1&start=0&limit=25 */* - -
Tue, 10 Apr 2012 03:00:12 GMT GET /mes?timeSlot=recent&_dc=1334026812324&page=1&start=0&limit=25 */* - -
Tue, 10 Apr 2012 03:00:17 GMT GET /mes?timeSlot=recent&_dc=1334026817324&page=1&start=0&limit=25 */* - -
Tue, 10 Apr 2012 03:00:22 GMT GET /mes?timeSlot=recent&_dc=1334026822324&page=1&start=0&limit=25 */* - -
Tue, 10 Apr 2012 03:00:27 GMT GET /mes?timeSlot=recent&_dc=1334026827325&page=1&start=0&limit=25 */* - -
Tue, 10 Apr 2012 03:00:32 GMT GET /mes?timeSlot=recent&_dc=1334026832326&page=1&start=0&limit=25 */* - -
Tue, 10 Apr 2012 03:00:32 GMT GET /discussion?_dc=1334026832500&page=1&start=0&limit=25&group=%5B%7B%22property%22%3A%22topic%22%2C%22direction%22%3A%22ASC%22%7D%5D&sort=topic&dir=ASC */* - -
Tue, 10 Apr 2012 03:00:37 GMT GET /mes?timeSlot=recent&_dc=1334026837326&page=1&start=0&limit=25 */* - -
Tue, 10 Apr 2012 03:00:42 GMT GET /mes?timeSlot=recent&_dc=1334026842326&page=1&start=0&limit=25 */* - -
Tue, 10 Apr 2012 03:00:47 GMT GET /mes?timeSlot=recent&_dc=1334026847327&page=1&start=0&limit=25 */* - -
Tue, 10 Apr 2012 03:00:52 GMT GET /mes?timeSlot=recent&_dc=1334026852327&page=1&start=0&limit=25 */* - -
Tue, 10 Apr 2012 03:00:57 GMT GET /mes?timeSlot=recent&_dc=1334026857327&page=1&start=0&limit=25 */* - -
Tue, 10 Apr 2012 03:01:02 GMT GET /mes?timeSlot=recent&_dc=1334026862327&page=1&start=0&limit=25 */* - -
Tue, 10 Apr 2012 03:01:02 GMT GET /memos?_dc=1334026862492&page=1&start=0&limit=25&sort=date_modified&dir=DESC */* - -
Tue, 10 Apr 2012 03:01:02 GMT GET /discussion?_dc=1334026862509&page=1&start=0&limit=25&group=%5B%7B%22property%22%3A%22topic%22%2C%22direction%22%3A%22ASC%22%7D%5D&sort=topic&dir=ASC */* - -
Tue, 10 Apr 2012 03:01:07 GMT GET /mes?timeSlot=recent&_dc=1334026867327&page=1&start=0&limit=25 */* - -
Tue, 10 Apr 2012 03:01:12 GMT GET /mes?timeSlot=recent&_dc=1334026872327&page=1&start=0&limit=25 */* - -
Tue, 10 Apr 2012 03:01:17 GMT GET /mes?timeSlot=recent&_dc=1334026877327&page=1&start=0&limit=25 */* - -
Tue, 10 Apr 2012 03:01:22 GMT GET /mes?timeSlot=recent&_dc=1334026882327&page=1&start=0&limit=25 */* - -
Tue, 10 Apr 2012 03:01:27 GMT GET /mes?timeSlot=recent&_dc=1334026887327&page=1&start=0&limit=25 */* - -
Tue, 10 Apr 2012 03:01:32 GMT GET /mes?timeSlot=recent&_dc=1334026892327&page=1&start=0&limit=25 */* - -
Tue, 10 Apr 2012 03:01:32 GMT GET /discussion?_dc=1334026892509&page=1&start=0&limit=25&group=%5B%7B%22property%22%3A%22topic%22%2C%22direction%22%3A%22ASC%22%7D%5D&sort=topic&dir=ASC */* - -
Tue, 10 Apr 2012 03:01:37 GMT GET /mes?timeSlot=recent&_dc=1334026897328&page=1&start=0&limit=25 */* - -
Tue, 10 Apr 2012 03:01:42 GMT GET /mes?timeSlot=recent&_dc=1334026902328&page=1&start=0&limit=25 */* - -
Tue, 10 Apr 2012 03:01:47 GMT GET /mes?timeSlot=recent&_dc=1334026907328&page=1&start=0&limit=25 */* - -
Tue, 10 Apr 2012 03:01:52 GMT GET /mes?timeSlot=recent&_dc=1334026912328&page=1&start=0&limit=25 */* - -
Tue, 10 Apr 2012 03:01:57 GMT GET /mes?timeSlot=recent&_dc=1334026917328&page=1&start=0&limit=25 */* - -
Tue, 10 Apr 2012 03:02:02 GMT GET /mes?timeSlot=recent&_dc=1334026922328&page=1&start=0&limit=25 */* - -
Tue, 10 Apr 2012 03:02:02 GMT GET /memos?_dc=1334026922500&page=1&start=0&limit=25&sort=date_modified&dir=DESC */* - -
Tue, 10 Apr 2012 03:02:02 GMT GET /discussion?_dc=1334026922523&page=1&start=0&limit=25&group=%5B%7B%22property%22%3A%22topic%22%2C%22direction%22%3A%22ASC%22%7D%5D&sort=topic&dir=ASC */* - -
Tue, 10 Apr 2012 03:02:07 GMT GET /mes?timeSlot=recent&_dc=1334026927328&page=1&start=0&limit=25 */* - -
Tue, 10 Apr 2012 03:02:12 GMT GET /mes?timeSlot=recent&_dc=1334026932328&page=1&start=0&limit=25 */* - -
Tue, 10 Apr 2012 03:02:17 GMT GET /mes?timeSlot=recent&_dc=1334026937328&page=1&start=0&limit=25 */* - -
Tue, 10 Apr 2012 03:02:22 GMT GET /mes?timeSlot=recent&_dc=1334026942328&page=1&start=0&limit=25 */* - -
Tue, 10 Apr 2012 03:02:27 GMT GET /mes?timeSlot=recent&_dc=1334026947328&page=1&start=0&limit=25 */* - -
Tue, 10 Apr 2012 03:02:32 GMT GET /mes?timeSlot=recent&_dc=1334026952328&page=1&start=0&limit=25 */* - -
Tue, 10 Apr 2012 03:02:32 GMT GET /discussion?_dc=1334026952527&page=1&start=0&limit=25&group=%5B%7B%22property%22%3A%22topic%22%2C%22direction%22%3A%22ASC%22%7D%5D&sort=topic&dir=ASC */* - -
Tue, 10 Apr 2012 03:02:37 GMT GET /mes?timeSlot=recent&_dc=1334026957327&page=1&start=0&limit=25 */* - -
Tue, 10 Apr 2012 03:02:42 GMT GET /mes?timeSlot=recent&_dc=1334026962327&page=1&start=0&limit=25 */* - -
Tue, 10 Apr 2012 03:02:47 GMT GET /mes?timeSlot=recent&_dc=1334026967327&page=1&start=0&limit=25 */* - -
Tue, 10 Apr 2012 03:02:52 GMT GET /mes?timeSlot=recent&_dc=1334026972327&page=1&start=0&limit=25 */* - -
Tue, 10 Apr 2012 03:02:57 GMT GET /mes?timeSlot=recent&_dc=1334026977327&page=1&start=0&limit=25 */* - -
Tue, 10 Apr 2012 03:03:02 GMT GET /mes?timeSlot=recent&_dc=1334026982327&page=1&start=0&limit=25 */* - -
Tue, 10 Apr 2012 03:03:02 GMT GET /memos?_dc=1334026982500&page=1&start=0&limit=25&sort=date_modified&dir=DESC */* - -
Tue, 10 Apr 2012 03:03:02 GMT GET /discussion?_dc=1334026982537&page=1&start=0&limit=25&group=%5B%7B%22property%22%3A%22topic%22%2C%22direction%22%3A%22ASC%22%7D%5D&sort=topic&dir=ASC */* - -
Tue, 10 Apr 2012 03:03:07 GMT GET /mes?timeSlot=recent&_dc=1334026987327&page=1&start=0&limit=25 */* - -
Tue, 10 Apr 2012 03:03:12 GMT GET /mes?timeSlot=recent&_dc=1334026992327&page=1&start=0&limit=25 */* - -
Tue, 10 Apr 2012 03:03:17 GMT GET /mes?timeSlot=recent&_dc=1334026997327&page=1&start=0&limit=25 */* - -
Tue, 10 Apr 2012 03:03:22 GMT GET /mes?timeSlot=recent&_dc=1334027002327&page=1&start=0&limit=25 */* - -
Tue, 10 Apr 2012 03:03:27 GMT GET /mes?timeSlot=recent&_dc=1334027007327&page=1&start=0&limit=25 */* - -
Tue, 10 Apr 2012 03:03:32 GMT GET /mes?timeSlot=recent&_dc=1334027012327&page=1&start=0&limit=25 */* - -
Tue, 10 Apr 2012 03:03:32 GMT GET /discussion?_dc=1334027012540&page=1&start=0&limit=25&group=%5B%7B%22property%22%3A%22topic%22%2C%22direction%22%3A%22ASC%22%7D%5D&sort=topic&dir=ASC */* - -
Tue, 10 Apr 2012 03:03:33 GMT GET /main text/html,application/xhtml+xml,application/xml;q=0.9,*/*;q=0.8 - -
Tue, 10 Apr 2012 03:03:33 GMT GET /extjs4/resources/css/ext-all.css text/css,*/*;q=0.1 - -
Tue, 10 Apr 2012 03:03:33 GMT GET /extjs4/resources/css/Feed-Viewer.css text/css,*/*;q=0.1 - -
Tue, 10 Apr 2012 03:03:33 GMT GET /extjs4/ext-all-debug.js */* - -
Tue, 10 Apr 2012 03:03:33 GMT GET /extjs4/ext-all.js */* - -
Tue, 10 Apr 2012 03:03:33 GMT GET /gui/mainWindow/app.js */* - -
Tue, 10 Apr 2012 03:03:34 GMT GET /session?_dc=1334027014128&page=1&start=0&limit=25 */* - -
Tue, 10 Apr 2012 03:03:34 GMT GET /gui/mainWindow/controller/Discussions.js?_dc=1334027014146 */* - -
Tue, 10 Apr 2012 03:03:34 GMT GET /gui/mainWindow/controller/DiscussionsManager.js?_dc=1334027014146 */* - -
Tue, 10 Apr 2012 03:03:34 GMT GET /gui/mainWindow/controller/IM.js?_dc=1334027014146 */* - -
Tue, 10 Apr 2012 03:03:34 GMT GET /gui/mainWindow/controller/Main.js?_dc=1334027014146 */* - -
Tue, 10 Apr 2012 03:03:34 GMT GET /gui/mainWindow/controller/Users.js?_dc=1334027014147 */* - -
Tue, 10 Apr 2012 03:03:34 GMT GET /gui/mainWindow/controller/Memos.js?_dc=1334027014147 */* - -
Tue, 10 Apr 2012 03:03:34 GMT GET /favicon.ico */* - -
Tue, 10 Apr 2012 03:03:34 GMT GET /gui/mainWindow/controller/Memoviews.js?_dc=1334027014147 */* - -
Tue, 10 Apr 2012 03:03:34 GMT GET /gui/mainWindow/model/Discussion.js?_dc=1334027014155 */* - -
Tue, 10 Apr 2012 03:03:34 GMT GET /gui/mainWindow/view/discussions/CommentForm.js?_dc=1334027014155 */* - -
Tue, 10 Apr 2012 03:03:34 GMT GET /gui/mainWindow/view/discussions/DiscussionsGridPanel.js?_dc=1334027014155 */* - -
Tue, 10 Apr 2012 03:03:34 GMT GET /gui/mainWindow/view/discussions/DiscussionsViewPanel.js?_dc=1334027014156 */* - -
Tue, 10 Apr 2012 03:03:34 GMT GET /gui/mainWindow/view/discussions/PostThreadWindow.js?_dc=1334027014156 */* - -
Tue, 10 Apr 2012 03:03:34 GMT GET /gui/mainWindow/store/Discussions.js?_dc=1334027014156 */* - -
Tue, 10 Apr 2012 03:03:34 GMT GET /gui/mainWindow/store/DiscussionsManager.js?_dc=1334027014160 */* - -
Tue, 10 Apr 2012 03:03:34 GMT GET /gui/mainWindow/view/admin/discussionsmanagement/DiscussionsManagement.js?_dc=1334027014159 */* - -
Tue, 10 Apr 2012 03:03:34 GMT GET /gui/mainWindow/view/mainpanel/MainPanel.js?_dc=1334027014160 */* - -
Tue, 10 Apr 2012 03:03:34 GMT GET /gui/mainWindow/view/im/IM_Tab_Panel.js?_dc=1334027014161 */* - -
Tue, 10 Apr 2012 03:03:34 GMT GET /gui/mainWindow/model/IM.js?_dc=1334027014161 */* - -
Tue, 10 Apr 2012 03:03:34 GMT GET /gui/mainWindow/model/User.js?_dc=1334027014162 */* - -
Tue, 10 Apr 2012 03:03:34 GMT GET /gui/mainWindow/store/IM.js?_dc=1334027014161 */* - -
Tue, 10 Apr 2012 03:03:34 GMT GET /gui/mainWindow/view/admin/usermanagement/user/List.js?_dc=1334027014162 */* - -
Tue, 10 Apr 2012 03:03:34 GMT GET /gui/mainWindow/view/admin/usermanagement/user/Edit.js?_dc=1334027014162 */* - -
Tue, 10 Apr 2012 03:03:34 GMT GET /gui/mainWindow/store/Users.js?_dc=1334027014162 */* - -
Tue, 10 Apr 2012 03:03:34 GMT GET /gui/mainWindow/model/Memo.js?_dc=1334027014163 */* - -
Tue, 10 Apr 2012 03:03:34 GMT GET /gui/mainWindow/view/admin/memomanagement/Memoeditor.js?_dc=1334027014163 */* - -
Tue, 10 Apr 2012 03:03:34 GMT GET /gui/mainWindow/store/Memos.js?_dc=1334027014163 */* - -
Tue, 10 Apr 2012 03:03:34 GMT GET /gui/mainWindow/view/memoview/MemoviewPanel.js?_dc=1334027014170 */* - -
Tue, 10 Apr 2012 03:03:34 GMT GET /gui/mainWindow/view/memoview/MemoviewList.js?_dc=1334027014170 */* - -
Tue, 10 Apr 2012 03:03:34 GMT GET /gui/mainWindow/store/Memoview.js?_dc=1334027014170 */* - -
Tue, 10 Apr 2012 03:03:34 GMT GET /images/cemlogo.jpg */* - -
Tue, 10 Apr 2012 03:03:34 GMT GET /mes?timeSlot=recent&_dc=1334027014298&page=1&start=0&limit=25 */* - -
Tue, 10 Apr 2012 03:03:34 GMT GET /extjs4/resources/themes/images/default/util/splitter/mini-right.gif */* - -
Tue, 10 Apr 2012 03:03:34 GMT GET /extjs4/resources/themes/images/default/tools/tool-sprites.gif */* - -
Tue, 10 Apr 2012 03:03:34 GMT GET /extjs4/resources/themes/images/default/form/text-bg.gif */* - -
Tue, 10 Apr 2012 03:03:34 GMT GET /extjs4/resources/themes/images/default/form/exclamation.gif */* - -
Tue, 10 Apr 2012 03:03:34 GMT GET /images/hospital.jpg */* - -
Tue, 10 Apr 2012 03:03:34 GMT GET /discussion?_dc=1334027014384&page=1&start=0&limit=25&group=%5B%7B%22property%22%3A%22topic%22%2C%22direction%22%3A%22ASC%22%7D%5D&sort=topic&dir=ASC */* - -
Tue, 10 Apr 2012 03:03:34 GMT GET /users?_dc=1334027014385&page=1&start=0&limit=25 */* - -
Tue, 10 Apr 2012 03:03:34 GMT GET /discussion?_dc=1334027014384&page=1&start=0&limit=25 */* - -
Tue, 10 Apr 2012 03:03:34 GMT GET /memos?_dc=1334027014385&page=1&start=0&limit=25 */* - -
Tue, 10 Apr 2012 03:03:34 GMT GET /memos?_dc=1334027014385&page=1&start=0&limit=25&sort=date_modified&dir=DESC */* - -
Tue, 10 Apr 2012 03:03:34 GMT GET /memos?_dc=1334027014386&page=1&start=0&limit=25&sort=date_modified&dir=DESC */* - -
Tue, 10 Apr 2012 03:03:34 GMT GET /discussion?_dc=1334027014384&page=1&start=0&limit=25&group=%5B%7B%22property%22%3A%22topic%22%2C%22direction%22%3A%22ASC%22%7D%5D&sort=topic&dir=ASC */* - -
Tue, 10 Apr 2012 03:03:35 GMT GET /extjs4/resources/themes/images/default/util/splitter/mini-left.gif */* - -
Tue, 10 Apr 2012 03:03:35 GMT GET /memos?_dc=1334027015991&page=1&start=0&limit=25&sort=date_modified&dir=DESC */* - -
Tue, 10 Apr 2012 03:03:36 GMT GET /extjs4/resources/themes/images/default/dd/drop-no.gif */* - -
Tue, 10 Apr 2012 03:03:36 GMT GET /extjs4/resources/themes/images/default/grid/grid3-hd-btn.gif */* - -
Tue, 10 Apr 2012 03:03:36 GMT GET /extjs4/resources/themes/images/default/grid/sort_desc.gif */* - -
Tue, 10 Apr 2012 03:03:36 GMT GET /extjs4/resources/themes/images/default/grid/loading.gif */* - -
Tue, 10 Apr 2012 03:03:36 GMT GET /extjs4/resources/css/images/rss.gif */* - -
Tue, 10 Apr 2012 03:03:36 GMT GET /extjs4/resources/css/images/post.gif */* - -
Tue, 10 Apr 2012 03:03:39 GMT GET /mes?timeSlot=recent&_dc=1334027019196&page=1&start=0&limit=25 */* - -
Tue, 10 Apr 2012 03:03:44 GMT GET /mes?timeSlot=recent&_dc=1334027024197&page=1&start=0&limit=25 */* - -
Tue, 10 Apr 2012 03:03:49 GMT GET /mes?timeSlot=recent&_dc=1334027029197&page=1&start=0&limit=25 */* - -
Tue, 10 Apr 2012 03:03:52 GMT GET /main text/html,application/xhtml+xml,application/xml;q=0.9,*/*;q=0.8 - -
Tue, 10 Apr 2012 03:03:52 GMT GET /extjs4/resources/css/ext-all.css text/css,*/*;q=0.1 - -
Tue, 10 Apr 2012 03:03:52 GMT GET /extjs4/resources/css/Feed-Viewer.css text/css,*/*;q=0.1 - -
Tue, 10 Apr 2012 03:03:52 GMT GET /extjs4/ext-all-debug.js */* - -
Tue, 10 Apr 2012 03:03:52 GMT GET /extjs4/ext-all.js */* - -
Tue, 10 Apr 2012 03:03:52 GMT GET /gui/mainWindow/app.js */* - -
Tue, 10 Apr 2012 03:03:53 GMT GET /session?_dc=1334027033183&page=1&start=0&limit=25 */* - -
Tue, 10 Apr 2012 03:03:53 GMT GET /gui/mainWindow/controller/Discussions.js?_dc=1334027033201 */* - -
Tue, 10 Apr 2012 03:03:53 GMT GET /gui/mainWindow/controller/DiscussionsManager.js?_dc=1334027033201 */* - -
Tue, 10 Apr 2012 03:03:53 GMT GET /gui/mainWindow/controller/IM.js?_dc=1334027033201 */* - -
Tue, 10 Apr 2012 03:03:53 GMT GET /gui/mainWindow/controller/Users.js?_dc=1334027033201 */* - -
Tue, 10 Apr 2012 03:03:53 GMT GET /gui/mainWindow/controller/Main.js?_dc=1334027033201 */* - -
Tue, 10 Apr 2012 03:03:53 GMT GET /gui/mainWindow/controller/Memos.js?_dc=1334027033201 */* - -
Tue, 10 Apr 2012 03:03:53 GMT GET /gui/mainWindow/controller/Memoviews.js?_dc=1334027033201 */* - -
Tue, 10 Apr 2012 03:03:53 GMT GET /favicon.ico */* - -
Tue, 10 Apr 2012 03:03:53 GMT GET /gui/mainWindow/model/Discussion.js?_dc=1334027033209 */* - -
Tue, 10 Apr 2012 03:03:53 GMT GET /gui/mainWindow/view/discussions/CommentForm.js?_dc=1334027033209 */* - -
Tue, 10 Apr 2012 03:03:53 GMT GET /gui/mainWindow/view/discussions/DiscussionsGridPanel.js?_dc=1334027033209 */* - -
Tue, 10 Apr 2012 03:03:53 GMT GET /gui/mainWindow/view/discussions/DiscussionsViewPanel.js?_dc=1334027033209 */* - -
Tue, 10 Apr 2012 03:03:53 GMT GET /gui/mainWindow/view/discussions/PostThreadWindow.js?_dc=1334027033209 */* - -
Tue, 10 Apr 2012 03:03:53 GMT GET /gui/mainWindow/store/Discussions.js?_dc=1334027033209 */* - -
Tue, 10 Apr 2012 03:03:53 GMT GET /gui/mainWindow/view/admin/discussionsmanagement/DiscussionsManagement.js?_dc=1334027033212 */* - -
Tue, 10 Apr 2012 03:03:53 GMT GET /gui/mainWindow/store/DiscussionsManager.js?_dc=1334027033212 */* - -
Tue, 10 Apr 2012 03:03:53 GMT GET /gui/mainWindow/view/im/IM_Tab_Panel.js?_dc=1334027033214 */* - -
Tue, 10 Apr 2012 03:03:53 GMT GET /gui/mainWindow/model/IM.js?_dc=1334027033214 */* - -
Tue, 10 Apr 2012 03:03:53 GMT GET /gui/mainWindow/model/User.js?_dc=1334027033215 */* - -
Tue, 10 Apr 2012 03:03:53 GMT GET /gui/mainWindow/store/IM.js?_dc=1334027033214 */* - -
Tue, 10 Apr 2012 03:03:53 GMT GET /gui/mainWindow/view/admin/usermanagement/user/List.js?_dc=1334027033215 */* - -
Tue, 10 Apr 2012 03:03:53 GMT GET /gui/mainWindow/view/admin/usermanagement/user/Edit.js?_dc=1334027033215 */* - -
Tue, 10 Apr 2012 03:03:53 GMT GET /gui/mainWindow/store/Users.js?_dc=1334027033215 */* - -
Tue, 10 Apr 2012 03:03:53 GMT GET /gui/mainWindow/view/mainpanel/MainPanel.js?_dc=1334027033216 */* - -
Tue, 10 Apr 2012 03:03:53 GMT GET /gui/mainWindow/model/Memo.js?_dc=1334027033218 */* - -
Tue, 10 Apr 2012 03:03:53 GMT GET /gui/mainWindow/view/admin/memomanagement/Memoeditor.js?_dc=1334027033219 */* - -
Tue, 10 Apr 2012 03:03:53 GMT GET /gui/mainWindow/store/Memos.js?_dc=1334027033219 */* - -
Tue, 10 Apr 2012 03:03:53 GMT GET /gui/mainWindow/view/memoview/MemoviewPanel.js?_dc=1334027033225 */* - -
Tue, 10 Apr 2012 03:03:53 GMT GET /gui/mainWindow/view/memoview/MemoviewList.js?_dc=1334027033226 */* - -
Tue, 10 Apr 2012 03:03:53 GMT GET /gui/mainWindow/store/Memoview.js?_dc=1334027033226 */* - -
Tue, 10 Apr 2012 03:03:53 GMT GET /images/cemlogo.jpg */* - -
Tue, 10 Apr 2012 03:03:53 GMT GET /mes?timeSlot=recent&_dc=1334027033348&page=1&start=0&limit=25 */* - -
Tue, 10 Apr 2012 03:03:53 GMT GET /extjs4/resources/themes/images/default/util/splitter/mini-right.gif */* - -
Tue, 10 Apr 2012 03:03:53 GMT GET /extjs4/resources/themes/images/default/tools/tool-sprites.gif */* - -
Tue, 10 Apr 2012 03:03:53 GMT GET /extjs4/resources/themes/images/default/form/text-bg.gif */* - -
Tue, 10 Apr 2012 03:03:53 GMT GET /extjs4/resources/themes/images/default/form/exclamation.gif */* - -
Tue, 10 Apr 2012 03:03:53 GMT GET /images/hospital.jpg */* - -
Tue, 10 Apr 2012 03:03:53 GMT GET /discussion?_dc=1334027033423&page=1&start=0&limit=25&group=%5B%7B%22property%22%3A%22topic%22%2C%22direction%22%3A%22ASC%22%7D%5D&sort=topic&dir=ASC */* - -
Tue, 10 Apr 2012 03:03:53 GMT GET /users?_dc=1334027033425&page=1&start=0&limit=25 */* - -
Tue, 10 Apr 2012 03:03:53 GMT GET /discussion?_dc=1334027033425&page=1&start=0&limit=25 */* - -
Tue, 10 Apr 2012 03:03:53 GMT GET /memos?_dc=1334027033425&page=1&start=0&limit=25 */* - -
Tue, 10 Apr 2012 03:03:53 GMT GET /memos?_dc=1334027033425&page=1&start=0&limit=25&sort=date_modified&dir=DESC */* - -
Tue, 10 Apr 2012 03:03:53 GMT GET /discussion?_dc=1334027033424&page=1&start=0&limit=25&group=%5B%7B%22property%22%3A%22topic%22%2C%22direction%22%3A%22ASC%22%7D%5D&sort=topic&dir=ASC */* - -
Tue, 10 Apr 2012 03:03:53 GMT GET /memos?_dc=1334027033425&page=1&start=0&limit=25&sort=date_modified&dir=DESC */* - -
Tue, 10 Apr 2012 03:03:54 GMT GET /extjs4/resources/themes/images/default/util/splitter/mini-left.gif */* - -
Tue, 10 Apr 2012 03:03:54 GMT GET /memos?_dc=1334027034325&page=1&start=0&limit=25&sort=date_modified&dir=DESC */* - -
Tue, 10 Apr 2012 03:03:54 GMT GET /extjs4/resources/themes/images/default/dd/drop-no.gif */* - -
Tue, 10 Apr 2012 03:03:54 GMT GET /extjs4/resources/themes/images/default/grid/grid3-hd-btn.gif */* - -
Tue, 10 Apr 2012 03:03:54 GMT GET /extjs4/resources/themes/images/default/grid/sort_desc.gif */* - -
Tue, 10 Apr 2012 03:03:54 GMT GET /extjs4/resources/themes/images/default/grid/loading.gif */* - -
Tue, 10 Apr 2012 03:03:54 GMT GET /extjs4/resources/css/images/rss.gif */* - -
Tue, 10 Apr 2012 03:03:54 GMT GET /extjs4/resources/themes/images/default/tab/tab-default-close.gif */* - -
Tue, 10 Apr 2012 03:03:54 GMT GET /extjs4/resources/css/images/post.gif */* - -
Tue, 10 Apr 2012 03:03:58 GMT GET /mes?timeSlot=recent&_dc=1334027038251&page=1&start=0&limit=25 */* - -
Tue, 10 Apr 2012 03:04:03 GMT GET /mes?timeSlot=recent&_dc=1334027043251&page=1&start=0&limit=25 */* - -
Tue, 10 Apr 2012 03:04:08 GMT GET /mes?timeSlot=recent&_dc=1334027048251&page=1&start=0&limit=25 */* - -
Tue, 10 Apr 2012 03:04:13 GMT GET /mes?timeSlot=recent&_dc=1334027053252&page=1&start=0&limit=25 */* - -
Tue, 10 Apr 2012 03:04:18 GMT GET /mes?timeSlot=recent&_dc=1334027058252&page=1&start=0&limit=25 */* - -
Tue, 10 Apr 2012 03:04:23 GMT GET /mes?timeSlot=recent&_dc=1334027063252&page=1&start=0&limit=25 */* - -
Tue, 10 Apr 2012 03:04:23 GMT GET /discussion?_dc=1334027063430&page=1&start=0&limit=25&group=%5B%7B%22property%22%3A%22topic%22%2C%22direction%22%3A%22ASC%22%7D%5D&sort=topic&dir=ASC */* - -
Tue, 10 Apr 2012 03:04:28 GMT GET /mes?timeSlot=recent&_dc=1334027068252&page=1&start=0&limit=25 */* - -
